<?xml version="1.0" encoding="UTF-8"?>
<!-- Generated by org.testng.reporters.JUnitReportReporter -->
<testsuite hostname="NODTBSL453AG" name="com.mb.android.mbApp.Launch" tests="1" failures="0" timestamp="5 Aug 2015 12:43:31 GMT" time="0.011" errors="0">
  <testcase name="searchProperty" time="0.011" classname="com.mb.android.mbApp.Launch"/>
</testsuite> <!-- com.mb.android.mbApp.Launch -->
