<?xml version="1.0" encoding="UTF-8"?>
<!-- Generated by org.testng.reporters.JUnitReportReporter -->
<testsuite hostname="NODTBSL453AG" name="com.mb.android.mbApp.tests.postPropertyTest" tests="1" failures="0" timestamp="7 Aug 2015 11:03:30 GMT" time="6.783" errors="0">
  <testcase name="postPropertyt" time="6.783" classname="com.mb.android.mbApp.tests.postPropertyTest"/>
</testsuite> <!-- com.mb.android.mbApp.tests.postPropertyTest -->
