<?xml version="1.0" encoding="UTF-8"?>
<!-- Generated by org.testng.reporters.JUnitReportReporter -->
<testsuite hostname="NODTBSL453AG" name="com.mb.android.mbApp.tests.loginRegistationTest" tests="2" failures="0" timestamp="9 Sep 2015 09:23:40 GMT" time="76.623" errors="0">
  <testcase name="registrationT" time="50.979" classname="com.mb.android.mbApp.tests.loginRegistationTest"/>
  <testcase name="logint" time="25.644" classname="com.mb.android.mbApp.tests.loginRegistationTest"/>
</testsuite> <!-- com.mb.android.mbApp.tests.loginRegistationTest -->
