<?xml version="1.0" encoding="UTF-8"?>
<!-- Generated by org.testng.reporters.JUnitReportReporter -->
<testsuite skipped="0" hostname="NODTBSL453AG" name="com.mb.android.mbApp.tests.launch" tests="1" failures="0" timestamp="21 Mar 2017 10:08:13 GMT" time="7.836" errors="0">
  <testcase name="interstialScreen" time="7.836" classname="com.mb.android.mbApp.tests.launch"/>
</testsuite> <!-- com.mb.android.mbApp.tests.launch -->
