<?xml version="1.0" encoding="UTF-8"?>
<!-- Generated by org.testng.reporters.JUnitReportReporter -->
<testsuite skipped="9" hostname="NODTBSL453AG" name="com.mb.brc.tests.LoginAndRegistrationTest" tests="13" failures="0" timestamp="01 May 2017 13:52:20 GMT" time="115.621" errors="0">
  <testcase name="interstialScreen" time="8.606" classname="com.mb.brc.tests.LoginAndRegistrationTest"/>
  <testcase name="login" time="22.294" classname="com.mb.brc.tests.LoginAndRegistrationTest"/>
  <testcase name="coachMark" time="6.526" classname="com.mb.brc.tests.LoginAndRegistrationTest"/>
  <testcase name="PostPropertyRequirement" time="78.195" classname="com.mb.brc.tests.LoginAndRegistrationTest"/>
  <testcase name="MyPostContent" classname="com.mb.brc.tests.LoginAndRegistrationTest">
    <skipped/>
  </testcase> <!-- MyPostContent -->
  <testcase name="BoardContent" classname="com.mb.brc.tests.LoginAndRegistrationTest">
    <skipped/>
  </testcase> <!-- BoardContent -->
  <testcase name="MyPost" classname="com.mb.brc.tests.LoginAndRegistrationTest">
    <skipped/>
  </testcase> <!-- MyPost -->
  <testcase name="exclusive" classname="com.mb.brc.tests.LoginAndRegistrationTest">
    <skipped/>
  </testcase> <!-- exclusive -->
  <testcase name="shorlist" classname="com.mb.brc.tests.LoginAndRegistrationTest">
    <skipped/>
  </testcase> <!-- shorlist -->
  <testcase name="Registration" classname="com.mb.brc.tests.LoginAndRegistrationTest">
    <skipped/>
  </testcase> <!-- Registration -->
  <testcase name="postUpdate" classname="com.mb.brc.tests.LoginAndRegistrationTest">
    <skipped/>
  </testcase> <!-- postUpdate -->
  <testcase name="Board" classname="com.mb.brc.tests.LoginAndRegistrationTest">
    <skipped/>
  </testcase> <!-- Board -->
  <testcase name="postRequirement" classname="com.mb.brc.tests.LoginAndRegistrationTest">
    <skipped/>
  </testcase> <!-- postRequirement -->
</testsuite> <!-- com.mb.brc.tests.LoginAndRegistrationTest -->
