<?xml version="1.0" encoding="UTF-8"?>
<!-- Generated by org.testng.reporters.JUnitReportReporter -->
<testsuite skipped="1" hostname="NODTBSL453AG" name="com.mb.brc.tests.LoginAndRegistrationTest" tests="13" failures="0" timestamp="12 May 2017 06:54:17 GMT" time="499.738" errors="2">
  <testcase name="interstialScreen" time="7.032" classname="com.mb.brc.tests.LoginAndRegistrationTest"/>
  <testcase name="login" time="38.099" classname="com.mb.brc.tests.LoginAndRegistrationTest"/>
  <testcase name="coachMark" time="9.677" classname="com.mb.brc.tests.LoginAndRegistrationTest"/>
  <testcase name="Board" time="22.496" classname="com.mb.brc.tests.LoginAndRegistrationTest"/>
  <testcase name="BoardContent" time="66.440" classname="com.mb.brc.tests.LoginAndRegistrationTest"/>
  <testcase name="PostPropertyRequirement" time="78.679" classname="com.mb.brc.tests.LoginAndRegistrationTest">
    <error type="atu.testng.reports.exceptions.ATUReporterStepFailedException">
      <![CDATA[[ATU Custom Reporter Step Failed Exception]
	at atu.testng.reports.ATUReports.stepFailureHandler(Unknown Source)
	at atu.testng.reports.ATUReports.add(Unknown Source)
	at com.mb.brc.modules.PostPropertyRequirement.postProperty(PostPropertyRequirement.java:163)
	at com.mb.brc.tests.LoginAndRegistrationTest.PostPropertyRequirement(LoginAndRegistrationTest.java:177)
	at sun.reflect.NativeMethodAccessorImpl.invoke0(Native Method)
	at sun.reflect.NativeMethodAccessorImpl.invoke(Unknown Source)
	at sun.reflect.DelegatingMethodAccessorImpl.invoke(Unknown Source)
	at java.lang.reflect.Method.invoke(Unknown Source)
	at org.testng.internal.MethodInvocationHelper.invokeMethod(MethodInvocationHelper.java:108)
	at org.testng.internal.Invoker.invokeMethod(Invoker.java:661)
	at org.testng.internal.Invoker.invokeTestMethod(Invoker.java:869)
	at org.testng.internal.Invoker.invokeTestMethods(Invoker.java:1193)
	at org.testng.internal.TestMethodWorker.invokeTestMethods(TestMethodWorker.java:126)
	at org.testng.internal.TestMethodWorker.run(TestMethodWorker.java:109)
	at org.testng.TestRunner.privateRun(TestRunner.java:744)
	at org.testng.TestRunner.run(TestRunner.java:602)
	at org.testng.SuiteRunner.runTest(SuiteRunner.java:380)
	at org.testng.SuiteRunner.access$000(SuiteRunner.java:39)
	at org.testng.SuiteRunner$SuiteWorker.run(SuiteRunner.java:414)
	at org.testng.internal.thread.ThreadUtil$1.call(ThreadUtil.java:52)
	at java.util.concurrent.FutureTask.run(Unknown Source)
	at java.util.concurrent.ThreadPoolExecutor.runWorker(Unknown Source)
	at java.util.concurrent.ThreadPoolExecutor$Worker.run(Unknown Source)
	at java.lang.Thread.run(Unknown Source)
]]>
    </error>
  </testcase> <!-- PostPropertyRequirement -->
  <testcase name="postRequirement" time="51.853" classname="com.mb.brc.tests.LoginAndRegistrationTest"/>
  <testcase name="postUpdate" time="37.830" classname="com.mb.brc.tests.LoginAndRegistrationTest">
    <error type="atu.testng.reports.exceptions.ATUReporterStepFailedException">
      <![CDATA[[ATU Custom Reporter Step Failed Exception]
	at atu.testng.reports.ATUReports.stepFailureHandler(Unknown Source)
	at atu.testng.reports.ATUReports.add(Unknown Source)
	at com.mb.brc.modules.PostPropertyRequirement.postUpdate(PostPropertyRequirement.java:247)
	at com.mb.brc.tests.LoginAndRegistrationTest.postUpdate(LoginAndRegistrationTest.java:199)
	at sun.reflect.NativeMethodAccessorImpl.invoke0(Native Method)
	at sun.reflect.NativeMethodAccessorImpl.invoke(Unknown Source)
	at sun.reflect.DelegatingMethodAccessorImpl.invoke(Unknown Source)
	at java.lang.reflect.Method.invoke(Unknown Source)
	at org.testng.internal.MethodInvocationHelper.invokeMethod(MethodInvocationHelper.java:108)
	at org.testng.internal.Invoker.invokeMethod(Invoker.java:661)
	at org.testng.internal.Invoker.invokeTestMethod(Invoker.java:869)
	at org.testng.internal.Invoker.invokeTestMethods(Invoker.java:1193)
	at org.testng.internal.TestMethodWorker.invokeTestMethods(TestMethodWorker.java:126)
	at org.testng.internal.TestMethodWorker.run(TestMethodWorker.java:109)
	at org.testng.TestRunner.privateRun(TestRunner.java:744)
	at org.testng.TestRunner.run(TestRunner.java:602)
	at org.testng.SuiteRunner.runTest(SuiteRunner.java:380)
	at org.testng.SuiteRunner.access$000(SuiteRunner.java:39)
	at org.testng.SuiteRunner$SuiteWorker.run(SuiteRunner.java:414)
	at org.testng.internal.thread.ThreadUtil$1.call(ThreadUtil.java:52)
	at java.util.concurrent.FutureTask.run(Unknown Source)
	at java.util.concurrent.ThreadPoolExecutor.runWorker(Unknown Source)
	at java.util.concurrent.ThreadPoolExecutor$Worker.run(Unknown Source)
	at java.lang.Thread.run(Unknown Source)
]]>
    </error>
  </testcase> <!-- postUpdate -->
  <testcase name="exclusive" time="6.364" classname="com.mb.brc.tests.LoginAndRegistrationTest"/>
  <testcase name="shorlist" time="15.291" classname="com.mb.brc.tests.LoginAndRegistrationTest"/>
  <testcase name="MyPost" time="27.491" classname="com.mb.brc.tests.LoginAndRegistrationTest"/>
  <testcase name="MyPostContent" time="138.486" classname="com.mb.brc.tests.LoginAndRegistrationTest"/>
  <testcase name="Registration" classname="com.mb.brc.tests.LoginAndRegistrationTest">
    <skipped/>
  </testcase> <!-- Registration -->
</testsuite> <!-- com.mb.brc.tests.LoginAndRegistrationTest -->
