<?xml version="1.0" encoding="UTF-8"?>
<!-- Generated by org.testng.reporters.JUnitReportReporter -->
<testsuite hostname="NODTBSL453AG" name="com.mb.android.mbApp.tests.loginTest" tests="1" failures="0" timestamp="7 Sep 2015 13:02:31 GMT" time="21.491" errors="0">
  <testcase name="logint" time="21.491" classname="com.mb.android.mbApp.tests.loginTest"/>
</testsuite> <!-- com.mb.android.mbApp.tests.loginTest -->
