<?xml version="1.0" encoding="UTF-8"?>
<!-- Generated by org.testng.reporters.JUnitReportReporter -->
<testsuite skipped="1" hostname="NODTBSL453AG" name="com.mb.brc.tests.LoginAndRegistrationTest" tests="13" failures="1" timestamp="03 May 2017 11:04:09 GMT" time="304.598" errors="5">
  <testcase name="interstialScreen" time="8.524" classname="com.mb.brc.tests.LoginAndRegistrationTest"/>
  <testcase name="login" time="39.388" classname="com.mb.brc.tests.LoginAndRegistrationTest"/>
  <testcase name="coachMark" time="7.588" classname="com.mb.brc.tests.LoginAndRegistrationTest"/>
  <testcase name="Board" time="21.120" classname="com.mb.brc.tests.LoginAndRegistrationTest"/>
  <testcase name="BoardContent" time="68.336" classname="com.mb.brc.tests.LoginAndRegistrationTest"/>
  <testcase name="exclusive" time="4.327" classname="com.mb.brc.tests.LoginAndRegistrationTest"/>
  <testcase name="shorlist" time="10.551" classname="com.mb.brc.tests.LoginAndRegistrationTest">
    <failure type="java.lang.AssertionError" message="Shortlist not working expected [3 hr. ago, 1:04 PM] but found [1 hr. ago, 3:20 PM]">
      <![CDATA[java.lang.AssertionError: Shortlist not working expected [3 hr. ago, 1:04 PM] but found [1 hr. ago, 3:20 PM]
	at org.testng.Assert.fail(Assert.java:93)
	at org.testng.Assert.failNotEquals(Assert.java:512)
	at org.testng.Assert.assertEqualsImpl(Assert.java:134)
	at org.testng.Assert.assertEquals(Assert.java:115)
	at org.testng.Assert.assertEquals(Assert.java:189)
	at com.mb.brc.modules.Board.shorlist(Board.java:238)
	at com.mb.brc.tests.LoginAndRegistrationTest.shorlist(LoginAndRegistrationTest.java:165)
	at sun.reflect.NativeMethodAccessorImpl.invoke0(Native Method)
	at sun.reflect.NativeMethodAccessorImpl.invoke(Unknown Source)
	at sun.reflect.DelegatingMethodAccessorImpl.invoke(Unknown Source)
	at java.lang.reflect.Method.invoke(Unknown Source)
	at org.testng.internal.MethodInvocationHelper.invokeMethod(MethodInvocationHelper.java:108)
	at org.testng.internal.Invoker.invokeMethod(Invoker.java:661)
	at org.testng.internal.Invoker.invokeTestMethod(Invoker.java:869)
	at org.testng.internal.Invoker.invokeTestMethods(Invoker.java:1193)
	at org.testng.internal.TestMethodWorker.invokeTestMethods(TestMethodWorker.java:126)
	at org.testng.internal.TestMethodWorker.run(TestMethodWorker.java:109)
	at org.testng.TestRunner.privateRun(TestRunner.java:744)
	at org.testng.TestRunner.run(TestRunner.java:602)
	at org.testng.SuiteRunner.runTest(SuiteRunner.java:380)
	at org.testng.SuiteRunner.access$000(SuiteRunner.java:39)
	at org.testng.SuiteRunner$SuiteWorker.run(SuiteRunner.java:414)
	at org.testng.internal.thread.ThreadUtil$1.call(ThreadUtil.java:52)
	at java.util.concurrent.FutureTask.run(Unknown Source)
	at java.util.concurrent.ThreadPoolExecutor.runWorker(Unknown Source)
	at java.util.concurrent.ThreadPoolExecutor$Worker.run(Unknown Source)
	at java.lang.Thread.run(Unknown Source)
]]>
    </failure>
  </testcase> <!-- shorlist -->
  <testcase name="PostPropertyRequirement" time="39.605" classname="com.mb.brc.tests.LoginAndRegistrationTest">
    <error type="org.openqa.selenium.WebDriverException" message="An unknown server-side error occurred while processing the command. (Original error: Soft keyboard not present, cannot hide keyboard) (WARNING: The server did not provide any stacktrace information)
Command duration or timeout: 187 milliseconds
Build info: version: &#039;2.53.1&#039;, revision: &#039;a36b8b1&#039;, time: &#039;2016-06-30 17:37:03&#039;
System info: host: &#039;NODTBSL453AG&#039;, ip: &#039;10.150.160.235&#039;, os.name: &#039;Windows 8.1&#039;, os.arch: &#039;amd64&#039;, os.version: &#039;6.3&#039;, java.version: &#039;1.8.0_40&#039;
Driver info: io.appium.java_client.android.AndroidDriver
Capabilities [{app=D:\Development\Build\BRC_debug_staging.apk, appPackage=com.timesgroup.brokerconnectmagicbricks, networkConnectionEnabled=true, warnings={}, databaseEnabled=false, deviceName=LS1439917481, platform=LINUX, appActivity=com.timesgroup.brokerconnectmagicbricks.Activities.SplashScreen, desired={app=D:\Development\Build\BRC_debug_staging.apk, appPackage=com.timesgroup.brokerconnectmagicbricks, appActivity=com.timesgroup.brokerconnectmagicbricks.Activities.SplashScreen, platformVersion=6.0.1, browserName=, platformName=Android, deviceName=Sparkle V}, platformVersion=6.0.1, webStorageEnabled=false, locationContextEnabled=false, browserName=, takesScreenshot=true, javascriptEnabled=true, platformName=Android}]
Session ID: f75c2799-45d4-4864-82e5-32fa759483a2">
      <![CDATA[org.openqa.selenium.WebDriverException: An unknown server-side error occurred while processing the command. (Original error: Soft keyboard not present, cannot hide keyboard) (WARNING: The server did not provide any stacktrace information)
Command duration or timeout: 187 milliseconds
Build info: version: '2.53.1', revision: 'a36b8b1', time: '2016-06-30 17:37:03'
System info: host: 'NODTBSL453AG', ip: '10.150.160.235', os.name: 'Windows 8.1', os.arch: 'amd64', os.version: '6.3', java.version: '1.8.0_40'
Driver info: io.appium.java_client.android.AndroidDriver
Capabilities [{app=D:\Development\Build\BRC_debug_staging.apk, appPackage=com.timesgroup.brokerconnectmagicbricks, networkConnectionEnabled=true, warnings={}, databaseEnabled=false, deviceName=LS1439917481, platform=LINUX, appActivity=com.timesgroup.brokerconnectmagicbricks.Activities.SplashScreen, desired={app=D:\Development\Build\BRC_debug_staging.apk, appPackage=com.timesgroup.brokerconnectmagicbricks, appActivity=com.timesgroup.brokerconnectmagicbricks.Activities.SplashScreen, platformVersion=6.0.1, browserName=, platformName=Android, deviceName=Sparkle V}, platformVersion=6.0.1, webStorageEnabled=false, locationContextEnabled=false, browserName=, takesScreenshot=true, javascriptEnabled=true, platformName=Android}]
Session ID: f75c2799-45d4-4864-82e5-32fa759483a2
	at sun.reflect.GeneratedConstructorAccessor52.newInstance(Unknown Source)
	at sun.reflect.DelegatingConstructorAccessorImpl.newInstance(Unknown Source)
	at java.lang.reflect.Constructor.newInstance(Unknown Source)
	at org.openqa.selenium.remote.ErrorHandler.createThrowable(ErrorHandler.java:206)
	at org.openqa.selenium.remote.ErrorHandler.throwIfResponseFailed(ErrorHandler.java:158)
	at org.openqa.selenium.remote.RemoteWebDriver.execute(RemoteWebDriver.java:678)
	at io.appium.java_client.AppiumDriver.execute(AppiumDriver.java:180)
	at io.appium.java_client.AppiumDriver.execute(AppiumDriver.java:185)
	at io.appium.java_client.AppiumDriver.hideKeyboard(AppiumDriver.java:268)
	at com.mb.brc.modules.PostPropertyRequirement.postProperty(PostPropertyRequirement.java:130)
	at com.mb.brc.tests.LoginAndRegistrationTest.PostPropertyRequirement(LoginAndRegistrationTest.java:176)
	at sun.reflect.NativeMethodAccessorImpl.invoke0(Native Method)
	at sun.reflect.NativeMethodAccessorImpl.invoke(Unknown Source)
	at sun.reflect.DelegatingMethodAccessorImpl.invoke(Unknown Source)
	at java.lang.reflect.Method.invoke(Unknown Source)
	at org.testng.internal.MethodInvocationHelper.invokeMethod(MethodInvocationHelper.java:108)
	at org.testng.internal.Invoker.invokeMethod(Invoker.java:661)
	at org.testng.internal.Invoker.invokeTestMethod(Invoker.java:869)
	at org.testng.internal.Invoker.invokeTestMethods(Invoker.java:1193)
	at org.testng.internal.TestMethodWorker.invokeTestMethods(TestMethodWorker.java:126)
	at org.testng.internal.TestMethodWorker.run(TestMethodWorker.java:109)
	at org.testng.TestRunner.privateRun(TestRunner.java:744)
	at org.testng.TestRunner.run(TestRunner.java:602)
	at org.testng.SuiteRunner.runTest(SuiteRunner.java:380)
	at org.testng.SuiteRunner.access$000(SuiteRunner.java:39)
	at org.testng.SuiteRunner$SuiteWorker.run(SuiteRunner.java:414)
	at org.testng.internal.thread.ThreadUtil$1.call(ThreadUtil.java:52)
	at java.util.concurrent.FutureTask.run(Unknown Source)
	at java.util.concurrent.ThreadPoolExecutor.runWorker(Unknown Source)
	at java.util.concurrent.ThreadPoolExecutor$Worker.run(Unknown Source)
	at java.lang.Thread.run(Unknown Source)
]]>
    </error>
  </testcase> <!-- PostPropertyRequirement -->
  <testcase name="postRequirement" time="20.634" classname="com.mb.brc.tests.LoginAndRegistrationTest">
    <error type="org.openqa.selenium.NoSuchElementException" message="An element could not be located on the page using the given search parameters. (WARNING: The server did not provide any stacktrace information)
Command duration or timeout: 20.57 seconds
For documentation on this error, please visit: http://seleniumhq.org/exceptions/no_such_element.html
Build info: version: &#039;2.53.1&#039;, revision: &#039;a36b8b1&#039;, time: &#039;2016-06-30 17:37:03&#039;
System info: host: &#039;NODTBSL453AG&#039;, ip: &#039;10.150.160.235&#039;, os.name: &#039;Windows 8.1&#039;, os.arch: &#039;amd64&#039;, os.version: &#039;6.3&#039;, java.version: &#039;1.8.0_40&#039;
Driver info: io.appium.java_client.android.AndroidDriver
Capabilities [{app=D:\Development\Build\BRC_debug_staging.apk, appPackage=com.timesgroup.brokerconnectmagicbricks, networkConnectionEnabled=true, warnings={}, databaseEnabled=false, deviceName=LS1439917481, platform=LINUX, appActivity=com.timesgroup.brokerconnectmagicbricks.Activities.SplashScreen, desired={app=D:\Development\Build\BRC_debug_staging.apk, appPackage=com.timesgroup.brokerconnectmagicbricks, appActivity=com.timesgroup.brokerconnectmagicbricks.Activities.SplashScreen, platformVersion=6.0.1, browserName=, platformName=Android, deviceName=Sparkle V}, platformVersion=6.0.1, webStorageEnabled=false, locationContextEnabled=false, browserName=, takesScreenshot=true, javascriptEnabled=true, platformName=Android}]
Session ID: f75c2799-45d4-4864-82e5-32fa759483a2
*** Element info: {Using=class name, value=android.widget.ImageButton}">
      <![CDATA[org.openqa.selenium.NoSuchElementException: An element could not be located on the page using the given search parameters. (WARNING: The server did not provide any stacktrace information)
Command duration or timeout: 20.57 seconds
For documentation on this error, please visit: http://seleniumhq.org/exceptions/no_such_element.html
Build info: version: '2.53.1', revision: 'a36b8b1', time: '2016-06-30 17:37:03'
System info: host: 'NODTBSL453AG', ip: '10.150.160.235', os.name: 'Windows 8.1', os.arch: 'amd64', os.version: '6.3', java.version: '1.8.0_40'
Driver info: io.appium.java_client.android.AndroidDriver
Capabilities [{app=D:\Development\Build\BRC_debug_staging.apk, appPackage=com.timesgroup.brokerconnectmagicbricks, networkConnectionEnabled=true, warnings={}, databaseEnabled=false, deviceName=LS1439917481, platform=LINUX, appActivity=com.timesgroup.brokerconnectmagicbricks.Activities.SplashScreen, desired={app=D:\Development\Build\BRC_debug_staging.apk, appPackage=com.timesgroup.brokerconnectmagicbricks, appActivity=com.timesgroup.brokerconnectmagicbricks.Activities.SplashScreen, platformVersion=6.0.1, browserName=, platformName=Android, deviceName=Sparkle V}, platformVersion=6.0.1, webStorageEnabled=false, locationContextEnabled=false, browserName=, takesScreenshot=true, javascriptEnabled=true, platformName=Android}]
Session ID: f75c2799-45d4-4864-82e5-32fa759483a2
*** Element info: {Using=class name, value=android.widget.ImageButton}
	at sun.reflect.NativeConstructorAccessorImpl.newInstance0(Native Method)
	at sun.reflect.NativeConstructorAccessorImpl.newInstance(Unknown Source)
	at sun.reflect.DelegatingConstructorAccessorImpl.newInstance(Unknown Source)
	at java.lang.reflect.Constructor.newInstance(Unknown Source)
	at org.openqa.selenium.remote.ErrorHandler.createThrowable(ErrorHandler.java:206)
	at org.openqa.selenium.remote.ErrorHandler.throwIfResponseFailed(ErrorHandler.java:158)
	at org.openqa.selenium.remote.RemoteWebDriver.execute(RemoteWebDriver.java:678)
	at io.appium.java_client.AppiumDriver.execute(AppiumDriver.java:180)
	at org.openqa.selenium.remote.RemoteWebDriver.findElement(RemoteWebDriver.java:363)
	at org.openqa.selenium.remote.RemoteWebDriver.findElementByClassName(RemoteWebDriver.java:477)
	at org.openqa.selenium.By$ByClassName.findElement(By.java:391)
	at org.openqa.selenium.remote.RemoteWebDriver.findElement(RemoteWebDriver.java:355)
	at com.mb.brc.modules.Board.HomeFunc(Board.java:216)
	at com.mb.brc.modules.PostPropertyRequirement.postRequirement(PostPropertyRequirement.java:157)
	at com.mb.brc.tests.LoginAndRegistrationTest.postRequirement(LoginAndRegistrationTest.java:187)
	at sun.reflect.NativeMethodAccessorImpl.invoke0(Native Method)
	at sun.reflect.NativeMethodAccessorImpl.invoke(Unknown Source)
	at sun.reflect.DelegatingMethodAccessorImpl.invoke(Unknown Source)
	at java.lang.reflect.Method.invoke(Unknown Source)
	at org.testng.internal.MethodInvocationHelper.invokeMethod(MethodInvocationHelper.java:108)
	at org.testng.internal.Invoker.invokeMethod(Invoker.java:661)
	at org.testng.internal.Invoker.invokeTestMethod(Invoker.java:869)
	at org.testng.internal.Invoker.invokeTestMethods(Invoker.java:1193)
	at org.testng.internal.TestMethodWorker.invokeTestMethods(TestMethodWorker.java:126)
	at org.testng.internal.TestMethodWorker.run(TestMethodWorker.java:109)
	at org.testng.TestRunner.privateRun(TestRunner.java:744)
	at org.testng.TestRunner.run(TestRunner.java:602)
	at org.testng.SuiteRunner.runTest(SuiteRunner.java:380)
	at org.testng.SuiteRunner.access$000(SuiteRunner.java:39)
	at org.testng.SuiteRunner$SuiteWorker.run(SuiteRunner.java:414)
	at org.testng.internal.thread.ThreadUtil$1.call(ThreadUtil.java:52)
	at java.util.concurrent.FutureTask.run(Unknown Source)
	at java.util.concurrent.ThreadPoolExecutor.runWorker(Unknown Source)
	at java.util.concurrent.ThreadPoolExecutor$Worker.run(Unknown Source)
	at java.lang.Thread.run(Unknown Source)
]]>
    </error>
  </testcase> <!-- postRequirement -->
  <testcase name="postUpdate" time="20.341" classname="com.mb.brc.tests.LoginAndRegistrationTest">
    <error type="org.openqa.selenium.NoSuchElementException" message="An element could not be located on the page using the given search parameters. (WARNING: The server did not provide any stacktrace information)
Command duration or timeout: 20.26 seconds
For documentation on this error, please visit: http://seleniumhq.org/exceptions/no_such_element.html
Build info: version: &#039;2.53.1&#039;, revision: &#039;a36b8b1&#039;, time: &#039;2016-06-30 17:37:03&#039;
System info: host: &#039;NODTBSL453AG&#039;, ip: &#039;10.150.160.235&#039;, os.name: &#039;Windows 8.1&#039;, os.arch: &#039;amd64&#039;, os.version: &#039;6.3&#039;, java.version: &#039;1.8.0_40&#039;
Driver info: io.appium.java_client.android.AndroidDriver
Capabilities [{app=D:\Development\Build\BRC_debug_staging.apk, appPackage=com.timesgroup.brokerconnectmagicbricks, networkConnectionEnabled=true, warnings={}, databaseEnabled=false, deviceName=LS1439917481, platform=LINUX, appActivity=com.timesgroup.brokerconnectmagicbricks.Activities.SplashScreen, desired={app=D:\Development\Build\BRC_debug_staging.apk, appPackage=com.timesgroup.brokerconnectmagicbricks, appActivity=com.timesgroup.brokerconnectmagicbricks.Activities.SplashScreen, platformVersion=6.0.1, browserName=, platformName=Android, deviceName=Sparkle V}, platformVersion=6.0.1, webStorageEnabled=false, locationContextEnabled=false, browserName=, takesScreenshot=true, javascriptEnabled=true, platformName=Android}]
Session ID: f75c2799-45d4-4864-82e5-32fa759483a2
*** Element info: {Using=class name, value=android.widget.ImageButton}">
      <![CDATA[org.openqa.selenium.NoSuchElementException: An element could not be located on the page using the given search parameters. (WARNING: The server did not provide any stacktrace information)
Command duration or timeout: 20.26 seconds
For documentation on this error, please visit: http://seleniumhq.org/exceptions/no_such_element.html
Build info: version: '2.53.1', revision: 'a36b8b1', time: '2016-06-30 17:37:03'
System info: host: 'NODTBSL453AG', ip: '10.150.160.235', os.name: 'Windows 8.1', os.arch: 'amd64', os.version: '6.3', java.version: '1.8.0_40'
Driver info: io.appium.java_client.android.AndroidDriver
Capabilities [{app=D:\Development\Build\BRC_debug_staging.apk, appPackage=com.timesgroup.brokerconnectmagicbricks, networkConnectionEnabled=true, warnings={}, databaseEnabled=false, deviceName=LS1439917481, platform=LINUX, appActivity=com.timesgroup.brokerconnectmagicbricks.Activities.SplashScreen, desired={app=D:\Development\Build\BRC_debug_staging.apk, appPackage=com.timesgroup.brokerconnectmagicbricks, appActivity=com.timesgroup.brokerconnectmagicbricks.Activities.SplashScreen, platformVersion=6.0.1, browserName=, platformName=Android, deviceName=Sparkle V}, platformVersion=6.0.1, webStorageEnabled=false, locationContextEnabled=false, browserName=, takesScreenshot=true, javascriptEnabled=true, platformName=Android}]
Session ID: f75c2799-45d4-4864-82e5-32fa759483a2
*** Element info: {Using=class name, value=android.widget.ImageButton}
	at sun.reflect.NativeConstructorAccessorImpl.newInstance0(Native Method)
	at sun.reflect.NativeConstructorAccessorImpl.newInstance(Unknown Source)
	at sun.reflect.DelegatingConstructorAccessorImpl.newInstance(Unknown Source)
	at java.lang.reflect.Constructor.newInstance(Unknown Source)
	at org.openqa.selenium.remote.ErrorHandler.createThrowable(ErrorHandler.java:206)
	at org.openqa.selenium.remote.ErrorHandler.throwIfResponseFailed(ErrorHandler.java:158)
	at org.openqa.selenium.remote.RemoteWebDriver.execute(RemoteWebDriver.java:678)
	at io.appium.java_client.AppiumDriver.execute(AppiumDriver.java:180)
	at org.openqa.selenium.remote.RemoteWebDriver.findElement(RemoteWebDriver.java:363)
	at org.openqa.selenium.remote.RemoteWebDriver.findElementByClassName(RemoteWebDriver.java:477)
	at org.openqa.selenium.By$ByClassName.findElement(By.java:391)
	at org.openqa.selenium.remote.RemoteWebDriver.findElement(RemoteWebDriver.java:355)
	at com.mb.brc.modules.Board.HomeFunc(Board.java:216)
	at com.mb.brc.modules.PostPropertyRequirement.postUpdate(PostPropertyRequirement.java:196)
	at com.mb.brc.tests.LoginAndRegistrationTest.postUpdate(LoginAndRegistrationTest.java:198)
	at sun.reflect.NativeMethodAccessorImpl.invoke0(Native Method)
	at sun.reflect.NativeMethodAccessorImpl.invoke(Unknown Source)
	at sun.reflect.DelegatingMethodAccessorImpl.invoke(Unknown Source)
	at java.lang.reflect.Method.invoke(Unknown Source)
	at org.testng.internal.MethodInvocationHelper.invokeMethod(MethodInvocationHelper.java:108)
	at org.testng.internal.Invoker.invokeMethod(Invoker.java:661)
	at org.testng.internal.Invoker.invokeTestMethod(Invoker.java:869)
	at org.testng.internal.Invoker.invokeTestMethods(Invoker.java:1193)
	at org.testng.internal.TestMethodWorker.invokeTestMethods(TestMethodWorker.java:126)
	at org.testng.internal.TestMethodWorker.run(TestMethodWorker.java:109)
	at org.testng.TestRunner.privateRun(TestRunner.java:744)
	at org.testng.TestRunner.run(TestRunner.java:602)
	at org.testng.SuiteRunner.runTest(SuiteRunner.java:380)
	at org.testng.SuiteRunner.access$000(SuiteRunner.java:39)
	at org.testng.SuiteRunner$SuiteWorker.run(SuiteRunner.java:414)
	at org.testng.internal.thread.ThreadUtil$1.call(ThreadUtil.java:52)
	at java.util.concurrent.FutureTask.run(Unknown Source)
	at java.util.concurrent.ThreadPoolExecutor.runWorker(Unknown Source)
	at java.util.concurrent.ThreadPoolExecutor$Worker.run(Unknown Source)
	at java.lang.Thread.run(Unknown Source)
]]>
    </error>
  </testcase> <!-- postUpdate -->
  <testcase name="MyPost" time="20.358" classname="com.mb.brc.tests.LoginAndRegistrationTest">
    <error type="org.openqa.selenium.NoSuchElementException" message="An element could not be located on the page using the given search parameters. (WARNING: The server did not provide any stacktrace information)
Command duration or timeout: 20.31 seconds
For documentation on this error, please visit: http://seleniumhq.org/exceptions/no_such_element.html
Build info: version: &#039;2.53.1&#039;, revision: &#039;a36b8b1&#039;, time: &#039;2016-06-30 17:37:03&#039;
System info: host: &#039;NODTBSL453AG&#039;, ip: &#039;10.150.160.235&#039;, os.name: &#039;Windows 8.1&#039;, os.arch: &#039;amd64&#039;, os.version: &#039;6.3&#039;, java.version: &#039;1.8.0_40&#039;
Driver info: io.appium.java_client.android.AndroidDriver
Capabilities [{app=D:\Development\Build\BRC_debug_staging.apk, appPackage=com.timesgroup.brokerconnectmagicbricks, networkConnectionEnabled=true, warnings={}, databaseEnabled=false, deviceName=LS1439917481, platform=LINUX, appActivity=com.timesgroup.brokerconnectmagicbricks.Activities.SplashScreen, desired={app=D:\Development\Build\BRC_debug_staging.apk, appPackage=com.timesgroup.brokerconnectmagicbricks, appActivity=com.timesgroup.brokerconnectmagicbricks.Activities.SplashScreen, platformVersion=6.0.1, browserName=, platformName=Android, deviceName=Sparkle V}, platformVersion=6.0.1, webStorageEnabled=false, locationContextEnabled=false, browserName=, takesScreenshot=true, javascriptEnabled=true, platformName=Android}]
Session ID: f75c2799-45d4-4864-82e5-32fa759483a2
*** Element info: {Using=class name, value=android.widget.ImageButton}">
      <![CDATA[org.openqa.selenium.NoSuchElementException: An element could not be located on the page using the given search parameters. (WARNING: The server did not provide any stacktrace information)
Command duration or timeout: 20.31 seconds
For documentation on this error, please visit: http://seleniumhq.org/exceptions/no_such_element.html
Build info: version: '2.53.1', revision: 'a36b8b1', time: '2016-06-30 17:37:03'
System info: host: 'NODTBSL453AG', ip: '10.150.160.235', os.name: 'Windows 8.1', os.arch: 'amd64', os.version: '6.3', java.version: '1.8.0_40'
Driver info: io.appium.java_client.android.AndroidDriver
Capabilities [{app=D:\Development\Build\BRC_debug_staging.apk, appPackage=com.timesgroup.brokerconnectmagicbricks, networkConnectionEnabled=true, warnings={}, databaseEnabled=false, deviceName=LS1439917481, platform=LINUX, appActivity=com.timesgroup.brokerconnectmagicbricks.Activities.SplashScreen, desired={app=D:\Development\Build\BRC_debug_staging.apk, appPackage=com.timesgroup.brokerconnectmagicbricks, appActivity=com.timesgroup.brokerconnectmagicbricks.Activities.SplashScreen, platformVersion=6.0.1, browserName=, platformName=Android, deviceName=Sparkle V}, platformVersion=6.0.1, webStorageEnabled=false, locationContextEnabled=false, browserName=, takesScreenshot=true, javascriptEnabled=true, platformName=Android}]
Session ID: f75c2799-45d4-4864-82e5-32fa759483a2
*** Element info: {Using=class name, value=android.widget.ImageButton}
	at sun.reflect.NativeConstructorAccessorImpl.newInstance0(Native Method)
	at sun.reflect.NativeConstructorAccessorImpl.newInstance(Unknown Source)
	at sun.reflect.DelegatingConstructorAccessorImpl.newInstance(Unknown Source)
	at java.lang.reflect.Constructor.newInstance(Unknown Source)
	at org.openqa.selenium.remote.ErrorHandler.createThrowable(ErrorHandler.java:206)
	at org.openqa.selenium.remote.ErrorHandler.throwIfResponseFailed(ErrorHandler.java:158)
	at org.openqa.selenium.remote.RemoteWebDriver.execute(RemoteWebDriver.java:678)
	at io.appium.java_client.AppiumDriver.execute(AppiumDriver.java:180)
	at org.openqa.selenium.remote.RemoteWebDriver.findElement(RemoteWebDriver.java:363)
	at org.openqa.selenium.remote.RemoteWebDriver.findElementByClassName(RemoteWebDriver.java:477)
	at org.openqa.selenium.By$ByClassName.findElement(By.java:391)
	at org.openqa.selenium.remote.RemoteWebDriver.findElement(RemoteWebDriver.java:355)
	at com.mb.brc.modules.MyPost.myPost(MyPost.java:48)
	at com.mb.brc.tests.LoginAndRegistrationTest.MyPost(LoginAndRegistrationTest.java:211)
	at sun.reflect.NativeMethodAccessorImpl.invoke0(Native Method)
	at sun.reflect.NativeMethodAccessorImpl.invoke(Unknown Source)
	at sun.reflect.DelegatingMethodAccessorImpl.invoke(Unknown Source)
	at java.lang.reflect.Method.invoke(Unknown Source)
	at org.testng.internal.MethodInvocationHelper.invokeMethod(MethodInvocationHelper.java:108)
	at org.testng.internal.Invoker.invokeMethod(Invoker.java:661)
	at org.testng.internal.Invoker.invokeTestMethod(Invoker.java:869)
	at org.testng.internal.Invoker.invokeTestMethods(Invoker.java:1193)
	at org.testng.internal.TestMethodWorker.invokeTestMethods(TestMethodWorker.java:126)
	at org.testng.internal.TestMethodWorker.run(TestMethodWorker.java:109)
	at org.testng.TestRunner.privateRun(TestRunner.java:744)
	at org.testng.TestRunner.run(TestRunner.java:602)
	at org.testng.SuiteRunner.runTest(SuiteRunner.java:380)
	at org.testng.SuiteRunner.access$000(SuiteRunner.java:39)
	at org.testng.SuiteRunner$SuiteWorker.run(SuiteRunner.java:414)
	at org.testng.internal.thread.ThreadUtil$1.call(ThreadUtil.java:52)
	at java.util.concurrent.FutureTask.run(Unknown Source)
	at java.util.concurrent.ThreadPoolExecutor.runWorker(Unknown Source)
	at java.util.concurrent.ThreadPoolExecutor$Worker.run(Unknown Source)
	at java.lang.Thread.run(Unknown Source)
]]>
    </error>
  </testcase> <!-- MyPost -->
  <testcase name="MyPostContent" time="43.826" classname="com.mb.brc.tests.LoginAndRegistrationTest">
    <error type="org.openqa.selenium.NoSuchElementException" message="An element could not be located on the page using the given search parameters. (WARNING: The server did not provide any stacktrace information)
Command duration or timeout: 25.19 seconds
For documentation on this error, please visit: http://seleniumhq.org/exceptions/no_such_element.html
Build info: version: &#039;2.53.1&#039;, revision: &#039;a36b8b1&#039;, time: &#039;2016-06-30 17:37:03&#039;
System info: host: &#039;NODTBSL453AG&#039;, ip: &#039;10.150.160.235&#039;, os.name: &#039;Windows 8.1&#039;, os.arch: &#039;amd64&#039;, os.version: &#039;6.3&#039;, java.version: &#039;1.8.0_40&#039;
Driver info: io.appium.java_client.android.AndroidDriver
Capabilities [{app=D:\Development\Build\BRC_debug_staging.apk, appPackage=com.timesgroup.brokerconnectmagicbricks, networkConnectionEnabled=true, warnings={}, databaseEnabled=false, deviceName=LS1439917481, platform=LINUX, appActivity=com.timesgroup.brokerconnectmagicbricks.Activities.SplashScreen, desired={app=D:\Development\Build\BRC_debug_staging.apk, appPackage=com.timesgroup.brokerconnectmagicbricks, appActivity=com.timesgroup.brokerconnectmagicbricks.Activities.SplashScreen, platformVersion=6.0.1, browserName=, platformName=Android, deviceName=Sparkle V}, platformVersion=6.0.1, webStorageEnabled=false, locationContextEnabled=false, browserName=, takesScreenshot=true, javascriptEnabled=true, platformName=Android}]
Session ID: f75c2799-45d4-4864-82e5-32fa759483a2
*** Element info: {Using=-android uiautomator, value=new UiScrollable(new UiSelector().scrollable(true).instance(0)).scrollIntoView(new UiSelector().description(&quot;Budget&quot;).instance(0));new UiScrollable(new UiSelector().scrollable(true).instance(0)).scrollIntoView(new UiSelector().text(&quot;Budget&quot;).instance(0));}">
      <![CDATA[org.openqa.selenium.NoSuchElementException: An element could not be located on the page using the given search parameters. (WARNING: The server did not provide any stacktrace information)
Command duration or timeout: 25.19 seconds
For documentation on this error, please visit: http://seleniumhq.org/exceptions/no_such_element.html
Build info: version: '2.53.1', revision: 'a36b8b1', time: '2016-06-30 17:37:03'
System info: host: 'NODTBSL453AG', ip: '10.150.160.235', os.name: 'Windows 8.1', os.arch: 'amd64', os.version: '6.3', java.version: '1.8.0_40'
Driver info: io.appium.java_client.android.AndroidDriver
Capabilities [{app=D:\Development\Build\BRC_debug_staging.apk, appPackage=com.timesgroup.brokerconnectmagicbricks, networkConnectionEnabled=true, warnings={}, databaseEnabled=false, deviceName=LS1439917481, platform=LINUX, appActivity=com.timesgroup.brokerconnectmagicbricks.Activities.SplashScreen, desired={app=D:\Development\Build\BRC_debug_staging.apk, appPackage=com.timesgroup.brokerconnectmagicbricks, appActivity=com.timesgroup.brokerconnectmagicbricks.Activities.SplashScreen, platformVersion=6.0.1, browserName=, platformName=Android, deviceName=Sparkle V}, platformVersion=6.0.1, webStorageEnabled=false, locationContextEnabled=false, browserName=, takesScreenshot=true, javascriptEnabled=true, platformName=Android}]
Session ID: f75c2799-45d4-4864-82e5-32fa759483a2
*** Element info: {Using=-android uiautomator, value=new UiScrollable(new UiSelector().scrollable(true).instance(0)).scrollIntoView(new UiSelector().description("Budget").instance(0));new UiScrollable(new UiSelector().scrollable(true).instance(0)).scrollIntoView(new UiSelector().text("Budget").instance(0));}
	at sun.reflect.NativeConstructorAccessorImpl.newInstance0(Native Method)
	at sun.reflect.NativeConstructorAccessorImpl.newInstance(Unknown Source)
	at sun.reflect.DelegatingConstructorAccessorImpl.newInstance(Unknown Source)
	at java.lang.reflect.Constructor.newInstance(Unknown Source)
	at org.openqa.selenium.remote.ErrorHandler.createThrowable(ErrorHandler.java:206)
	at org.openqa.selenium.remote.ErrorHandler.throwIfResponseFailed(ErrorHandler.java:158)
	at org.openqa.selenium.remote.RemoteWebDriver.execute(RemoteWebDriver.java:678)
	at io.appium.java_client.AppiumDriver.execute(AppiumDriver.java:180)
	at org.openqa.selenium.remote.RemoteWebDriver.findElement(RemoteWebDriver.java:363)
	at io.appium.java_client.android.AndroidDriver.findElementByAndroidUIAutomator(AndroidDriver.java:244)
	at io.appium.java_client.android.AndroidDriver.scrollToExact(AndroidDriver.java:65)
	at com.mb.brc.modules.MyPost.dataValidation(MyPost.java:104)
	at com.mb.brc.modules.MyPost.MyPostContent(MyPost.java:127)
	at com.mb.brc.tests.LoginAndRegistrationTest.MyPostContent(LoginAndRegistrationTest.java:222)
	at sun.reflect.NativeMethodAccessorImpl.invoke0(Native Method)
	at sun.reflect.NativeMethodAccessorImpl.invoke(Unknown Source)
	at sun.reflect.DelegatingMethodAccessorImpl.invoke(Unknown Source)
	at java.lang.reflect.Method.invoke(Unknown Source)
	at org.testng.internal.MethodInvocationHelper.invokeMethod(MethodInvocationHelper.java:108)
	at org.testng.internal.Invoker.invokeMethod(Invoker.java:661)
	at org.testng.internal.Invoker.invokeTestMethod(Invoker.java:869)
	at org.testng.internal.Invoker.invokeTestMethods(Invoker.java:1193)
	at org.testng.internal.TestMethodWorker.invokeTestMethods(TestMethodWorker.java:126)
	at org.testng.internal.TestMethodWorker.run(TestMethodWorker.java:109)
	at org.testng.TestRunner.privateRun(TestRunner.java:744)
	at org.testng.TestRunner.run(TestRunner.java:602)
	at org.testng.SuiteRunner.runTest(SuiteRunner.java:380)
	at org.testng.SuiteRunner.access$000(SuiteRunner.java:39)
	at org.testng.SuiteRunner$SuiteWorker.run(SuiteRunner.java:414)
	at org.testng.internal.thread.ThreadUtil$1.call(ThreadUtil.java:52)
	at java.util.concurrent.FutureTask.run(Unknown Source)
	at java.util.concurrent.ThreadPoolExecutor.runWorker(Unknown Source)
	at java.util.concurrent.ThreadPoolExecutor$Worker.run(Unknown Source)
	at java.lang.Thread.run(Unknown Source)
]]>
    </error>
  </testcase> <!-- MyPostContent -->
  <testcase name="Registration" classname="com.mb.brc.tests.LoginAndRegistrationTest">
    <skipped/>
  </testcase> <!-- Registration -->
</testsuite> <!-- com.mb.brc.tests.LoginAndRegistrationTest -->
